[debug] [2023-05-15T02:53:03.327Z] ----------------------------------------------------------------------
[debug] [2023-05-15T02:53:03.330Z] Command:       C:\Program Files\nodejs\node.exe C:\Users\crist\AppData\Roaming\npm\node_modules\firebase-tools\lib\bin\firebase.js deploy
[debug] [2023-05-15T02:53:03.330Z] CLI Version:   12.0.0
[debug] [2023-05-15T02:53:03.331Z] Platform:      win32
[debug] [2023-05-15T02:53:03.331Z] Node Version:  v16.17.0
[debug] [2023-05-15T02:53:03.333Z] Time:          Sun May 14 2023 21:53:03 GMT-0500 (hora estándar de Colombia)
[debug] [2023-05-15T02:53:03.334Z] ----------------------------------------------------------------------
[debug] 
[debug] [2023-05-15T02:53:03.452Z] > command requires scopes: ["email","openid","https://www.googleapis.com/auth/cloudplatformprojects.readonly","https://www.googleapis.com/auth/firebase","https://www.googleapis.com/auth/cloud-platform"]
[debug] [2023-05-15T02:53:03.453Z] > authorizing via signed-in user (cristiantorres1407@gmail.com)
[debug] [2023-05-15T02:53:03.453Z] [iam] checking project play-green-app for permissions ["firebase.projects.get","firebasehosting.sites.update"]
[debug] [2023-05-15T02:53:03.457Z] >>> [apiv2][query] POST https://cloudresourcemanager.googleapis.com/v1/projects/play-green-app:testIamPermissions [none]
[debug] [2023-05-15T02:53:03.457Z] >>> [apiv2][(partial)header] POST https://cloudresourcemanager.googleapis.com/v1/projects/play-green-app:testIamPermissions x-goog-quota-user=projects/play-green-app
[debug] [2023-05-15T02:53:03.457Z] >>> [apiv2][body] POST https://cloudresourcemanager.googleapis.com/v1/projects/play-green-app:testIamPermissions {"permissions":["firebase.projects.get","firebasehosting.sites.update"]}
[debug] [2023-05-15T02:53:05.536Z] <<< [apiv2][status] POST https://cloudresourcemanager.googleapis.com/v1/projects/play-green-app:testIamPermissions 200
[debug] [2023-05-15T02:53:05.536Z] <<< [apiv2][body] POST https://cloudresourcemanager.googleapis.com/v1/projects/play-green-app:testIamPermissions {"permissions":["firebase.projects.get","firebasehosting.sites.update"]}
[debug] [2023-05-15T02:53:05.538Z] >>> [apiv2][query] GET https://firebase.googleapis.com/v1beta1/projects/play-green-app [none]
[debug] [2023-05-15T02:53:07.794Z] <<< [apiv2][status] GET https://firebase.googleapis.com/v1beta1/projects/play-green-app 200
[debug] [2023-05-15T02:53:07.794Z] <<< [apiv2][body] GET https://firebase.googleapis.com/v1beta1/projects/play-green-app {"projectId":"play-green-app","projectNumber":"346009016627","displayName":"play-green-app","name":"projects/play-green-app","resources":{"hostingSite":"play-green-app"},"state":"ACTIVE","etag":"1_69e6d0bd-a863-4a8a-9d5f-13434573dd2c"}
[debug] [2023-05-15T02:54:30.876Z] Error: Unable to find the next dep, try NPM installing?
    at getConfig (C:\Users\crist\AppData\Roaming\npm\node_modules\firebase-tools\lib\frameworks\next\index.js:381:19)
    at build (C:\Users\crist\AppData\Roaming\npm\node_modules\firebase-tools\lib\frameworks\next\index.js:61:56)
    at processTicksAndRejections (node:internal/process/task_queues:96:5)
    at async prepareFrameworks (C:\Users\crist\AppData\Roaming\npm\node_modules\firebase-tools\lib\frameworks\index.js:207:122)
    at async deploy (C:\Users\crist\AppData\Roaming\npm\node_modules\firebase-tools\lib\deploy\index.js:55:13)
[error] 
[error] Error: An unexpected error has occurred.
